Using pre-set license
Built from '2020.3/staging' branch; Version is '2020.3.28f1 (f5400f52e03f) revision 16072719'; Using compiler version '192528614'; Build Type 'Release'
OS: 'Windows 10  (10.0.19042) 64bit Core' Language: 'es' Physical Memory: 16252 MB
BatchMode: 1, IsHumanControllingUs: 0, StartBugReporterOnCrash: 0, Is64bit: 1, IsPro: 0

COMMAND LINE ARGUMENTS:
C:\Program Files\Unity\Hub\Editor\2020.3.28f1\Editor\Unity.exe
-adb2
-batchMode
-noUpm
-name
AssetImportWorker0
-projectPath
C:/Users/rocio/Desktop/Caturr-main backup/Caturr
-logFile
Logs/AssetImportWorker0.log
-srvPort
58998
Successfully changed project path to: C:/Users/rocio/Desktop/Caturr-main backup/Caturr
C:/Users/rocio/Desktop/Caturr-main backup/Caturr
Using Asset Import Pipeline V2.
Refreshing native plugins compatible for Editor in 35.65 ms, found 2 plugins.
Preloading 0 native plugins for Editor in 0.00 ms.
Initialize engine version: 2020.3.28f1 (f5400f52e03f)
[Subsystems] Discovering subsystems at path C:/Program Files/Unity/Hub/Editor/2020.3.28f1/Editor/Data/Resources/UnitySubsystems
[Subsystems] Discovering subsystems at path C:/Users/rocio/Desktop/Caturr-main backup/Caturr/Assets
GfxDevice: creating device client; threaded=0
Direct3D:
    Version:  Direct3D 11.0 [level 11.1]
    Renderer: NVIDIA GeForce RTX 3060 Laptop GPU (ID=0x2560)
    Vendor:   
    VRAM:     6023 MB
    Driver:   30.0.14.7256
Initialize mono
Mono path[0] = 'C:/Program Files/Unity/Hub/Editor/2020.3.28f1/Editor/Data/Managed'
Mono path[1] = 'C:/Program Files/Unity/Hub/Editor/2020.3.28f1/Editor/Data/MonoBleedingEdge/lib/mono/unityjit'
Mono config path = 'C:/Program Files/Unity/Hub/Editor/2020.3.28f1/Editor/Data/MonoBleedingEdge/etc'
Using monoOptions --debugger-agent=transport=dt_socket,embedding=1,server=y,suspend=n,address=127.0.0.1:56660
Begin MonoManager ReloadAssembly
Registering precompiled unity dll's ...
Register platform support module: C:/Program Files/Unity/Hub/Editor/2020.3.28f1/Editor/Data/PlaybackEngines/WindowsStandaloneSupport/UnityEditor.WindowsStandalone.Extensions.dll
Registered in 0.001832 seconds.
Native extension for WindowsStandalone target not found
Refreshing native plugins compatible for Editor in 34.03 ms, found 2 plugins.
Preloading 0 native plugins for Editor in 0.00 ms.
Mono: successfully reloaded assembly
- Completed reload, in  0.431 seconds
Domain Reload Profiling:
	ReloadAssembly (432ms)
		BeginReloadAssembly (50ms)
			ExecutionOrderSort (0ms)
			DisableScriptedObjects (0ms)
			BackupInstance (0ms)
			ReleaseScriptingObjects (0ms)
			CreateAndSetChildDomain (1ms)
		EndReloadAssembly (325ms)
			LoadAssemblies (48ms)
			RebuildTransferFunctionScriptingTraits (0ms)
			SetupTypeCache (102ms)
			ReleaseScriptCaches (0ms)
			RebuildScriptCaches (20ms)
			SetupLoadedEditorAssemblies (131ms)
				LogAssemblyErrors (0ms)
				InitializePlatformSupportModulesInManaged (4ms)
				SetLoadedEditorAssemblies (0ms)
				RefreshPlugins (34ms)
				BeforeProcessingInitializeOnLoad (7ms)
				ProcessInitializeOnLoadAttributes (64ms)
				ProcessInitializeOnLoadMethodAttributes (23ms)
				AfterProcessingInitializeOnLoad (0ms)
				EditorAssembliesLoaded (0ms)
			ExecutionOrderSort2 (0ms)
			AwakeInstancesAfterBackupRestoration (0ms)
Platform modules already initialized, skipping
Registering precompiled user dll's ...
Registered in 0.003953 seconds.
Begin MonoManager ReloadAssembly
Native extension for WindowsStandalone target not found
Refreshing native plugins compatible for Editor in 0.48 ms, found 2 plugins.
Preloading 0 native plugins for Editor in 0.00 ms.
Mono: successfully reloaded assembly
- Completed reload, in  0.778 seconds
Domain Reload Profiling:
	ReloadAssembly (778ms)
		BeginReloadAssembly (114ms)
			ExecutionOrderSort (0ms)
			DisableScriptedObjects (4ms)
			BackupInstance (0ms)
			ReleaseScriptingObjects (0ms)
			CreateAndSetChildDomain (18ms)
		EndReloadAssembly (618ms)
			LoadAssemblies (77ms)
			RebuildTransferFunctionScriptingTraits (0ms)
			SetupTypeCache (208ms)
			ReleaseScriptCaches (0ms)
			RebuildScriptCaches (33ms)
			SetupLoadedEditorAssemblies (247ms)
				LogAssemblyErrors (0ms)
				InitializePlatformSupportModulesInManaged (4ms)
				SetLoadedEditorAssemblies (0ms)
				RefreshPlugins (1ms)
				BeforeProcessingInitializeOnLoad (52ms)
				ProcessInitializeOnLoadAttributes (177ms)
				ProcessInitializeOnLoadMethodAttributes (7ms)
				AfterProcessingInitializeOnLoad (6ms)
				EditorAssembliesLoaded (0ms)
			ExecutionOrderSort2 (0ms)
			AwakeInstancesAfterBackupRestoration (5ms)
Platform modules already initialized, skipping
========================================================================
Worker process is ready to serve import requests
Launched and connected shader compiler UnityShaderCompiler.exe after 0.04 seconds
Refreshing native plugins compatible for Editor in 0.47 ms, found 2 plugins.
Preloading 0 native plugins for Editor in 0.00 ms.
Unloading 2055 Unused Serialized files (Serialized files now loaded: 0)
System memory in use before: 93.2 MB.
System memory in use after: 93.3 MB.

Unloading 21 unused Assets to reduce memory usage. Loaded Objects now: 2496.
Total: 2.760200 ms (FindLiveObjects: 0.151500 ms CreateObjectMapping: 0.061500 ms MarkObjects: 2.451200 ms  DeleteObjects: 0.095300 ms)

AssetImportParameters requested are different than current active one (requested -> active):
  custom:framework-win-MediaFoundation: 216162199b28c13a410421893ffa2e32 -> 
  custom:video-decoder-ogg-theora: a1e56fd34408186e4bbccfd4996cb3dc -> 
  custom:container-muxer-webm: aa71ff27fc2769a1b78a27578f13a17b -> 
  custom:container-demuxer-webm: 4f35f7cbe854078d1ac9338744f61a02 -> 
  custom:container-demuxer-ogg: 62fdf1f143b41e24485cea50d1cbac27 -> 
  custom:video-encoder-webm-vp8: eb34c28f22e8b96e1ab97ce403110664 -> 
  custom:video-codec-MediaFoundation-h265: 746d11721c4dcdbdad8f713fa42b33f4 -> 
  custom:video-decoder-webm-vp8: 9c59270c3fd7afecdb556c50c9e8de78 -> 
  custom:audio-decoder-ogg-vorbis: bf7c407c2cedff20999df2af8eb42d56 -> 
  custom:audio-encoder-webm-vorbis: bf7c407c2cedff20999df2af8eb42d56 -> 
========================================================================
Received Import Request.
  path: Assets/Cutscene.playable
  artifactKey: Guid(e9893e198f3f23847863d13aea3e16d2) Importer(815301076,1909f56bfc062723c751e8b465ee728b)
Start importing Assets/Cutscene.playable using Guid(e9893e198f3f23847863d13aea3e16d2) Importer(815301076,1909f56bfc062723c751e8b465ee728b)  -> (artifact id: 'a2a6b5bc95959006885bed0f9efab56f') in 0.048142 seconds 
  Import took 0.051424 seconds .

========================================================================
Received Import Request.
  Time since last request: 3.635533 seconds.
  path: Assets/Shaders
  artifactKey: Guid(f7789b9c63ea9864bb88e52fac4a37f7) Importer(815301076,1909f56bfc062723c751e8b465ee728b)
Start importing Assets/Shaders using Guid(f7789b9c63ea9864bb88e52fac4a37f7) Importer(815301076,1909f56bfc062723c751e8b465ee728b)  -> (artifact id: '2a2f4502fc8d3188fc2b78f35478772d') in 0.006168 seconds 
  Import took 0.009174 seconds .

========================================================================
Received Import Request.
  Time since last request: 21.712760 seconds.
  path: Assets/Shaders/Fireball.shader
  artifactKey: Guid(ed8c2e3e23e59c54db996f05280cccce) Importer(815301076,1909f56bfc062723c751e8b465ee728b)
Start importing Assets/Shaders/Fireball.shader using Guid(ed8c2e3e23e59c54db996f05280cccce) Importer(815301076,1909f56bfc062723c751e8b465ee728b)  -> (artifact id: '27f87f9a10d66d0ce51ea45b7ac0e4ac') in 0.009629 seconds 
  Import took 0.013269 seconds .

========================================================================
Received Import Request.
  Time since last request: 39.437756 seconds.
  path: Assets/Shaders/Fireball.shader
  artifactKey: Guid(ed8c2e3e23e59c54db996f05280cccce) Importer(815301076,1909f56bfc062723c751e8b465ee728b)
Start importing Assets/Shaders/Fireball.shader using Guid(ed8c2e3e23e59c54db996f05280cccce) Importer(815301076,1909f56bfc062723c751e8b465ee728b)  -> (artifact id: 'aa4e3eba894564c55b5663dbaf205b1f') in 0.004747 seconds 
  Import took 0.007965 seconds .

========================================================================
Received Import Request.
  Time since last request: 65.092915 seconds.
  path: Assets/QuarterView 3D Action BE5/Textures/Test.mat
  artifactKey: Guid(241fa9011e6afde4f9f91e35ca1820aa) Importer(815301076,1909f56bfc062723c751e8b465ee728b)
Start importing Assets/QuarterView 3D Action BE5/Textures/Test.mat using Guid(241fa9011e6afde4f9f91e35ca1820aa) Importer(815301076,1909f56bfc062723c751e8b465ee728b)  -> (artifact id: '4b984bb2665eb31bff2cd289d8e987c9') in 0.096491 seconds 
  Import took 0.099709 seconds .

========================================================================
Received Import Request.
  Time since last request: 23.604073 seconds.
  path: Assets/QuarterView 3D Action BE5/Textures/Fireball.mat
  artifactKey: Guid(241fa9011e6afde4f9f91e35ca1820aa) Importer(815301076,1909f56bfc062723c751e8b465ee728b)
Start importing Assets/QuarterView 3D Action BE5/Textures/Fireball.mat using Guid(241fa9011e6afde4f9f91e35ca1820aa) Importer(815301076,1909f56bfc062723c751e8b465ee728b)  -> (artifact id: 'c89f7ae897035929c8ed6686d8efc3a0') in 0.018508 seconds 
  Import took 0.021538 seconds .

========================================================================
Received Import Request.
  Time since last request: 64.468927 seconds.
  path: Assets/Shaders/Fireball.shader
  artifactKey: Guid(ed8c2e3e23e59c54db996f05280cccce) Importer(815301076,1909f56bfc062723c751e8b465ee728b)
Start importing Assets/Shaders/Fireball.shader using Guid(ed8c2e3e23e59c54db996f05280cccce) Importer(815301076,1909f56bfc062723c751e8b465ee728b)  -> (artifact id: '75595f5823ce8761ed05928fec39f8c4') in 0.004888 seconds 
  Import took 0.008364 seconds .

========================================================================
Received Prepare
Registering precompiled user dll's ...
Registered in 0.003954 seconds.
Begin MonoManager ReloadAssembly
Native extension for WindowsStandalone target not found
Refreshing native plugins compatible for Editor in 0.54 ms, found 2 plugins.
Preloading 0 native plugins for Editor in 0.00 ms.
Mono: successfully reloaded assembly
- Completed reload, in  0.797 seconds
Domain Reload Profiling:
	ReloadAssembly (798ms)
		BeginReloadAssembly (103ms)
			ExecutionOrderSort (0ms)
			DisableScriptedObjects (3ms)
			BackupInstance (0ms)
			ReleaseScriptingObjects (0ms)
			CreateAndSetChildDomain (29ms)
		EndReloadAssembly (646ms)
			LoadAssemblies (81ms)
			RebuildTransferFunctionScriptingTraits (0ms)
			SetupTypeCache (207ms)
			ReleaseScriptCaches (1ms)
			RebuildScriptCaches (32ms)
			SetupLoadedEditorAssemblies (269ms)
				LogAssemblyErrors (0ms)
				InitializePlatformSupportModulesInManaged (4ms)
				SetLoadedEditorAssemblies (0ms)
				RefreshPlugins (1ms)
				BeforeProcessingInitializeOnLoad (49ms)
				ProcessInitializeOnLoadAttributes (199ms)
				ProcessInitializeOnLoadMethodAttributes (8ms)
				AfterProcessingInitializeOnLoad (7ms)
				EditorAssembliesLoaded (0ms)
			ExecutionOrderSort2 (0ms)
			AwakeInstancesAfterBackupRestoration (6ms)
Platform modules already initialized, skipping
Refreshing native plugins compatible for Editor in 0.51 ms, found 2 plugins.
Preloading 0 native plugins for Editor in 0.00 ms.
Unloading 2028 Unused Serialized files (Serialized files now loaded: 0)
System memory in use before: 94.7 MB.
System memory in use after: 94.4 MB.

Unloading 17 unused Assets to reduce memory usage. Loaded Objects now: 2539.
Total: 2.875100 ms (FindLiveObjects: 0.176400 ms CreateObjectMapping: 0.068800 ms MarkObjects: 2.388400 ms  DeleteObjects: 0.241000 ms)

AssetImportParameters requested are different than current active one (requested -> active):
  custom:framework-win-MediaFoundation: 216162199b28c13a410421893ffa2e32 -> 
  custom:video-decoder-ogg-theora: a1e56fd34408186e4bbccfd4996cb3dc -> 
  custom:container-muxer-webm: aa71ff27fc2769a1b78a27578f13a17b -> 
  custom:container-demuxer-webm: 4f35f7cbe854078d1ac9338744f61a02 -> 
  custom:container-demuxer-ogg: 62fdf1f143b41e24485cea50d1cbac27 -> 
  custom:video-encoder-webm-vp8: eb34c28f22e8b96e1ab97ce403110664 -> 
  custom:video-codec-MediaFoundation-h265: 746d11721c4dcdbdad8f713fa42b33f4 -> 
  custom:video-decoder-webm-vp8: 9c59270c3fd7afecdb556c50c9e8de78 -> 
  custom:audio-decoder-ogg-vorbis: bf7c407c2cedff20999df2af8eb42d56 -> 
  custom:audio-encoder-webm-vorbis: bf7c407c2cedff20999df2af8eb42d56 -> 
========================================================================
Received Import Request.
  Time since last request: 95.564952 seconds.
  path: Assets/QuarterView 3D Action BE5/Textures/SnowEffect.mat
  artifactKey: Guid(6f0df9f0eb3652a4595e2fdd3040e8f1) Importer(815301076,1909f56bfc062723c751e8b465ee728b)
Start importing Assets/QuarterView 3D Action BE5/Textures/SnowEffect.mat using Guid(6f0df9f0eb3652a4595e2fdd3040e8f1) Importer(815301076,1909f56bfc062723c751e8b465ee728b)  -> (artifact id: '1fc9295c0e7eb73a2d6e097f9a49ae9c') in 0.049705 seconds 
  Import took 0.052817 seconds .

========================================================================
Received Import Request.
  Time since last request: 19.608647 seconds.
  path: Assets/Shaders/SnowEffect.shader
  artifactKey: Guid(a39f801fa58947449a136345d176e6b0) Importer(815301076,1909f56bfc062723c751e8b465ee728b)
Start importing Assets/Shaders/SnowEffect.shader using Guid(a39f801fa58947449a136345d176e6b0) Importer(815301076,1909f56bfc062723c751e8b465ee728b)  -> (artifact id: 'e845dbdfeca060c3faad7f66dbdecddc') in 0.004858 seconds 
  Import took 0.008242 seconds .

========================================================================
Received Import Request.
  Time since last request: 12.744608 seconds.
  path: Assets/Shaders/SnowEffect.shader
  artifactKey: Guid(a39f801fa58947449a136345d176e6b0) Importer(815301076,1909f56bfc062723c751e8b465ee728b)
Start importing Assets/Shaders/SnowEffect.shader using Guid(a39f801fa58947449a136345d176e6b0) Importer(815301076,1909f56bfc062723c751e8b465ee728b)  -> (artifact id: '82263cb846354628a05bb0ccfb57a74c') in 0.004596 seconds 
  Import took 0.007637 seconds .

========================================================================
Received Import Request.
  Time since last request: 429.305029 seconds.
  path: Assets/QuarterView 3D Action BE5/Textures/ExtrudeFaces.mat
  artifactKey: Guid(65a6d76376719cf4c91aec31db101805) Importer(815301076,1909f56bfc062723c751e8b465ee728b)
Start importing Assets/QuarterView 3D Action BE5/Textures/ExtrudeFaces.mat using Guid(65a6d76376719cf4c91aec31db101805) Importer(815301076,1909f56bfc062723c751e8b465ee728b)  -> (artifact id: 'eac3770d2c742044d525751a4bad05dc') in 0.014272 seconds 
  Import took 0.017667 seconds .

========================================================================
Received Import Request.
  Time since last request: 77.787882 seconds.
  path: Assets/Shaders/ExtrudeFaces.shader
  artifactKey: Guid(6affd2afb23ef2a419cc64edbf24a1d2) Importer(815301076,1909f56bfc062723c751e8b465ee728b)
Start importing Assets/Shaders/ExtrudeFaces.shader using Guid(6affd2afb23ef2a419cc64edbf24a1d2) Importer(815301076,1909f56bfc062723c751e8b465ee728b)  -> (artifact id: '19dcd791344df99a3310f1e01db1aa67') in 0.006925 seconds 
  Import took 0.012009 seconds .

========================================================================
Received Import Request.
  Time since last request: 9.121664 seconds.
  path: Assets/Shaders/Extrude.shader
  artifactKey: Guid(6affd2afb23ef2a419cc64edbf24a1d2) Importer(815301076,1909f56bfc062723c751e8b465ee728b)
Start importing Assets/Shaders/Extrude.shader using Guid(6affd2afb23ef2a419cc64edbf24a1d2) Importer(815301076,1909f56bfc062723c751e8b465ee728b)  -> (artifact id: '70b200097ea262567578d022d5d76ac2') in 0.008631 seconds 
  Import took 0.012112 seconds .

========================================================================
Received Import Request.
  Time since last request: 21.944400 seconds.
  path: Assets/Shaders/Extrude.shader
  artifactKey: Guid(6affd2afb23ef2a419cc64edbf24a1d2) Importer(815301076,1909f56bfc062723c751e8b465ee728b)
Start importing Assets/Shaders/Extrude.shader using Guid(6affd2afb23ef2a419cc64edbf24a1d2) Importer(815301076,1909f56bfc062723c751e8b465ee728b)  -> (artifact id: '0dfd8795cfb8d396e2ad77f997e423b5') in 0.004559 seconds 
  Import took 0.008025 seconds .

========================================================================
Received Import Request.
  Time since last request: 214.342306 seconds.
  path: Assets/QuarterView 3D Action BE5/Textures/NewSurfaceShader.shader
  artifactKey: Guid(69c55b4e3af82c946ac2f0b7f44e5561) Importer(815301076,1909f56bfc062723c751e8b465ee728b)
Start importing Assets/QuarterView 3D Action BE5/Textures/NewSurfaceShader.shader using Guid(69c55b4e3af82c946ac2f0b7f44e5561) Importer(815301076,1909f56bfc062723c751e8b465ee728b)  -> (artifact id: '03dd8ae32abfa3675a9133723b416d2a') in 0.009012 seconds 
  Import took 0.012474 seconds .

========================================================================
Received Import Request.
  Time since last request: 16.911404 seconds.
  path: Assets/Shaders/Outline.shader
  artifactKey: Guid(bfffc91e90f047e4b9e0748503d80378) Importer(815301076,1909f56bfc062723c751e8b465ee728b)
Start importing Assets/Shaders/Outline.shader using Guid(bfffc91e90f047e4b9e0748503d80378) Importer(815301076,1909f56bfc062723c751e8b465ee728b)  -> (artifact id: 'eaaab74531df6668ef2ad9dd6d59217d') in 0.009032 seconds 
  Import took 0.012437 seconds .

========================================================================
Received Import Request.
  Time since last request: 12.240092 seconds.
  path: Assets/Shaders/Outline.shader
  artifactKey: Guid(bfffc91e90f047e4b9e0748503d80378) Importer(815301076,1909f56bfc062723c751e8b465ee728b)
Start importing Assets/Shaders/Outline.shader using Guid(bfffc91e90f047e4b9e0748503d80378) Importer(815301076,1909f56bfc062723c751e8b465ee728b)  -> (artifact id: 'deb106c83103e1e9338db5bf9d08f4a8') in 0.005156 seconds 
  Import took 0.008417 seconds .

========================================================================
Received Import Request.
  Time since last request: 35.033622 seconds.
  path: Assets/QuarterView 3D Action BE5/Textures/Outline.mat
  artifactKey: Guid(08855607cb737414eb256f804fbf7251) Importer(815301076,1909f56bfc062723c751e8b465ee728b)
Start importing Assets/QuarterView 3D Action BE5/Textures/Outline.mat using Guid(08855607cb737414eb256f804fbf7251) Importer(815301076,1909f56bfc062723c751e8b465ee728b)  -> (artifact id: '61b0570f9c032a795ffc13cd545ad758') in 0.013494 seconds 
  Import took 0.016481 seconds .

========================================================================
Received Import Request.
  Time since last request: 170.696571 seconds.
  path: Assets/QuarterView 3D Action BE5/Textures/BurningPaper.mat
  artifactKey: Guid(521b608614bcc5c45a5abe385f79c0b0) Importer(815301076,1909f56bfc062723c751e8b465ee728b)
Start importing Assets/QuarterView 3D Action BE5/Textures/BurningPaper.mat using Guid(521b608614bcc5c45a5abe385f79c0b0) Importer(815301076,1909f56bfc062723c751e8b465ee728b)  -> (artifact id: 'ef979a9ccaa14a49d3e5130da1054a79') in 0.023520 seconds 
  Import took 0.026423 seconds .

========================================================================
Received Import Request.
  Time since last request: 46.130809 seconds.
  path: Assets/Shaders/BurningPaper.shader
  artifactKey: Guid(4500a11199c0ce74582f5109f5f802d6) Importer(815301076,1909f56bfc062723c751e8b465ee728b)
Start importing Assets/Shaders/BurningPaper.shader using Guid(4500a11199c0ce74582f5109f5f802d6) Importer(815301076,1909f56bfc062723c751e8b465ee728b)  -> (artifact id: '7003d5bd8a8ebc3947f55a211fa37573') in 0.005114 seconds 
  Import took 0.008696 seconds .

========================================================================
Received Import Request.
  Time since last request: 8.649909 seconds.
  path: Assets/Shaders/BurningPaper.shader
  artifactKey: Guid(4500a11199c0ce74582f5109f5f802d6) Importer(815301076,1909f56bfc062723c751e8b465ee728b)
Start importing Assets/Shaders/BurningPaper.shader using Guid(4500a11199c0ce74582f5109f5f802d6) Importer(815301076,1909f56bfc062723c751e8b465ee728b)  -> (artifact id: '6d27e88fdd9c32caebc2232474f68f1b') in 0.004669 seconds 
  Import took 0.007867 seconds .

========================================================================
Received Import Request.
  Time since last request: 242.283499 seconds.
  path: Assets/Shaders/MossOnRock.shader
  artifactKey: Guid(07aa8ccc3e107e243acae26d454dbed3) Importer(815301076,1909f56bfc062723c751e8b465ee728b)
Start importing Assets/Shaders/MossOnRock.shader using Guid(07aa8ccc3e107e243acae26d454dbed3) Importer(815301076,1909f56bfc062723c751e8b465ee728b)  -> (artifact id: '1e5ad0e5cb4387aaafecd1cffa557a65') in 0.010955 seconds 
  Import took 0.015719 seconds .

========================================================================
Received Import Request.
  Time since last request: 4.985851 seconds.
  path: Assets/Shaders/Moss.shader
  artifactKey: Guid(07aa8ccc3e107e243acae26d454dbed3) Importer(815301076,1909f56bfc062723c751e8b465ee728b)
Start importing Assets/Shaders/Moss.shader using Guid(07aa8ccc3e107e243acae26d454dbed3) Importer(815301076,1909f56bfc062723c751e8b465ee728b)  -> (artifact id: '446af0b9fabff11ee9ea9ccdd7492561') in 0.009142 seconds 
  Import took 0.012495 seconds .

========================================================================
Received Import Request.
  Time since last request: 7.345731 seconds.
  path: Assets/Shaders/Moss.shader
  artifactKey: Guid(07aa8ccc3e107e243acae26d454dbed3) Importer(815301076,1909f56bfc062723c751e8b465ee728b)
Start importing Assets/Shaders/Moss.shader using Guid(07aa8ccc3e107e243acae26d454dbed3) Importer(815301076,1909f56bfc062723c751e8b465ee728b)  -> (artifact id: '70c2756c9180731945362d901fd62a27') in 0.004680 seconds 
  Import took 0.007854 seconds .

========================================================================
Received Import Request.
  Time since last request: 6.743146 seconds.
  path: Assets/QuarterView 3D Action BE5/Textures/Moss.mat
  artifactKey: Guid(016c2fb2de5e5324c833e3abf88d9442) Importer(815301076,1909f56bfc062723c751e8b465ee728b)
Start importing Assets/QuarterView 3D Action BE5/Textures/Moss.mat using Guid(016c2fb2de5e5324c833e3abf88d9442) Importer(815301076,1909f56bfc062723c751e8b465ee728b)  -> (artifact id: 'eaebedd87e6f16dd4e56644f931a9cd1') in 0.013592 seconds 
  Import took 0.016591 seconds .

========================================================================
Received Import Request.
  Time since last request: 147.698240 seconds.
  path: Assets/QuarterView 3D Action BE5/Textures/VHSEffect.mat
  artifactKey: Guid(626423317f1a2f443a567335ee6eadcf) Importer(815301076,1909f56bfc062723c751e8b465ee728b)
Start importing Assets/QuarterView 3D Action BE5/Textures/VHSEffect.mat using Guid(626423317f1a2f443a567335ee6eadcf) Importer(815301076,1909f56bfc062723c751e8b465ee728b)  -> (artifact id: '0850888e07bcddf6bfdae3a649842a18') in 0.010650 seconds 
  Import took 0.013499 seconds .

========================================================================
Received Import Request.
  Time since last request: 11.796500 seconds.
  path: Assets/QuarterView 3D Action BE5/Textures/VHSeffect.mat
  artifactKey: Guid(626423317f1a2f443a567335ee6eadcf) Importer(815301076,1909f56bfc062723c751e8b465ee728b)
Start importing Assets/QuarterView 3D Action BE5/Textures/VHSeffect.mat using Guid(626423317f1a2f443a567335ee6eadcf) Importer(815301076,1909f56bfc062723c751e8b465ee728b)  -> (artifact id: '12f73fd598a47c74d989c0df11d12ace') in 0.027103 seconds 
  Import took 0.030054 seconds .

========================================================================
Received Import Request.
  Time since last request: 49.460102 seconds.
  path: Assets/Shaders/VHSeffect.cs
  artifactKey: Guid(e78c8c769307b9c4dbe50443f3949ee2) Importer(815301076,1909f56bfc062723c751e8b465ee728b)
Start importing Assets/Shaders/VHSeffect.cs using Guid(e78c8c769307b9c4dbe50443f3949ee2) Importer(815301076,1909f56bfc062723c751e8b465ee728b)  -> (artifact id: 'f3266ce0e317a78e7dcc4c3bcd2bd972') in 0.007615 seconds 
  Import took 0.010442 seconds .

========================================================================
Received Prepare
Registering precompiled user dll's ...
Registered in 0.003978 seconds.
Begin MonoManager ReloadAssembly
Native extension for WindowsStandalone target not found
Refreshing native plugins compatible for Editor in 0.56 ms, found 2 plugins.
Preloading 0 native plugins for Editor in 0.00 ms.
Mono: successfully reloaded assembly
- Completed reload, in  0.799 seconds
Domain Reload Profiling:
	ReloadAssembly (799ms)
		BeginReloadAssembly (107ms)
			ExecutionOrderSort (0ms)
			DisableScriptedObjects (3ms)
			BackupInstance (0ms)
			ReleaseScriptingObjects (0ms)
			CreateAndSetChildDomain (32ms)
		EndReloadAssembly (641ms)
			LoadAssemblies (83ms)
			RebuildTransferFunctionScriptingTraits (0ms)
			SetupTypeCache (217ms)
			ReleaseScriptCaches (1ms)
			RebuildScriptCaches (31ms)
			SetupLoadedEditorAssemblies (251ms)
				LogAssemblyErrors (0ms)
				InitializePlatformSupportModulesInManaged (4ms)
				SetLoadedEditorAssemblies (0ms)
				RefreshPlugins (1ms)
				BeforeProcessingInitializeOnLoad (48ms)
				ProcessInitializeOnLoadAttributes (184ms)
				ProcessInitializeOnLoadMethodAttributes (8ms)
				AfterProcessingInitializeOnLoad (6ms)
				EditorAssembliesLoaded (0ms)
			ExecutionOrderSort2 (0ms)
			AwakeInstancesAfterBackupRestoration (5ms)
Platform modules already initialized, skipping
Refreshing native plugins compatible for Editor in 0.49 ms, found 2 plugins.
Preloading 0 native plugins for Editor in 0.00 ms.
Unloading 2033 Unused Serialized files (Serialized files now loaded: 0)
System memory in use before: 96.4 MB.
System memory in use after: 94.9 MB.

Unloading 22 unused Assets to reduce memory usage. Loaded Objects now: 2543.
Total: 3.392400 ms (FindLiveObjects: 0.158300 ms CreateObjectMapping: 0.068000 ms MarkObjects: 2.449600 ms  DeleteObjects: 0.715600 ms)

AssetImportParameters requested are different than current active one (requested -> active):
  custom:framework-win-MediaFoundation: 216162199b28c13a410421893ffa2e32 -> 
  custom:video-decoder-ogg-theora: a1e56fd34408186e4bbccfd4996cb3dc -> 
  custom:container-muxer-webm: aa71ff27fc2769a1b78a27578f13a17b -> 
  custom:container-demuxer-webm: 4f35f7cbe854078d1ac9338744f61a02 -> 
  custom:container-demuxer-ogg: 62fdf1f143b41e24485cea50d1cbac27 -> 
  custom:video-encoder-webm-vp8: eb34c28f22e8b96e1ab97ce403110664 -> 
  custom:video-codec-MediaFoundation-h265: 746d11721c4dcdbdad8f713fa42b33f4 -> 
  custom:video-decoder-webm-vp8: 9c59270c3fd7afecdb556c50c9e8de78 -> 
  custom:audio-decoder-ogg-vorbis: bf7c407c2cedff20999df2af8eb42d56 -> 
  custom:audio-encoder-webm-vorbis: bf7c407c2cedff20999df2af8eb42d56 -> 
========================================================================
Received Import Request.
  Time since last request: 12.086894 seconds.
  path: Assets/Shaders/VHSeffect.shader
  artifactKey: Guid(3f17a7ce6b97dbb4e9ba5923ba1fe5c3) Importer(815301076,1909f56bfc062723c751e8b465ee728b)
Start importing Assets/Shaders/VHSeffect.shader using Guid(3f17a7ce6b97dbb4e9ba5923ba1fe5c3) Importer(815301076,1909f56bfc062723c751e8b465ee728b)  -> (artifact id: '42d091b4320f464d93704790648e779e') in 0.014765 seconds 
  Import took 0.018125 seconds .

========================================================================
Received Import Request.
  Time since last request: 7.648562 seconds.
  path: Assets/Shaders/VHSeffect.shader
  artifactKey: Guid(3f17a7ce6b97dbb4e9ba5923ba1fe5c3) Importer(815301076,1909f56bfc062723c751e8b465ee728b)
Start importing Assets/Shaders/VHSeffect.shader using Guid(3f17a7ce6b97dbb4e9ba5923ba1fe5c3) Importer(815301076,1909f56bfc062723c751e8b465ee728b)  -> (artifact id: '2068f6b798d9d0abba10841571151b3e') in 0.003833 seconds 
  Import took 0.006871 seconds .

========================================================================
Received Prepare
Registering precompiled user dll's ...
Registered in 0.003746 seconds.
Begin MonoManager ReloadAssembly
Native extension for WindowsStandalone target not found
Refreshing native plugins compatible for Editor in 0.49 ms, found 2 plugins.
Preloading 0 native plugins for Editor in 0.00 ms.
Mono: successfully reloaded assembly
- Completed reload, in  0.744 seconds
Domain Reload Profiling:
	ReloadAssembly (745ms)
		BeginReloadAssembly (103ms)
			ExecutionOrderSort (0ms)
			DisableScriptedObjects (3ms)
			BackupInstance (0ms)
			ReleaseScriptingObjects (0ms)
			CreateAndSetChildDomain (30ms)
		EndReloadAssembly (594ms)
			LoadAssemblies (78ms)
			RebuildTransferFunctionScriptingTraits (0ms)
			SetupTypeCache (204ms)
			ReleaseScriptCaches (1ms)
			RebuildScriptCaches (28ms)
			SetupLoadedEditorAssemblies (231ms)
				LogAssemblyErrors (0ms)
				InitializePlatformSupportModulesInManaged (4ms)
				SetLoadedEditorAssemblies (0ms)
				RefreshPlugins (1ms)
				BeforeProcessingInitializeOnLoad (47ms)
				ProcessInitializeOnLoadAttributes (166ms)
				ProcessInitializeOnLoadMethodAttributes (7ms)
				AfterProcessingInitializeOnLoad (6ms)
				EditorAssembliesLoaded (0ms)
			ExecutionOrderSort2 (0ms)
			AwakeInstancesAfterBackupRestoration (5ms)
Platform modules already initialized, skipping
Refreshing native plugins compatible for Editor in 0.51 ms, found 2 plugins.
Preloading 0 native plugins for Editor in 0.00 ms.
Unloading 2034 Unused Serialized files (Serialized files now loaded: 0)
System memory in use before: 96.6 MB.
System memory in use after: 95.1 MB.

Unloading 23 unused Assets to reduce memory usage. Loaded Objects now: 2545.
Total: 3.530400 ms (FindLiveObjects: 0.164000 ms CreateObjectMapping: 0.060600 ms MarkObjects: 2.357400 ms  DeleteObjects: 0.947800 ms)

AssetImportParameters requested are different than current active one (requested -> active):
  custom:framework-win-MediaFoundation: 216162199b28c13a410421893ffa2e32 -> 
  custom:video-decoder-ogg-theora: a1e56fd34408186e4bbccfd4996cb3dc -> 
  custom:container-muxer-webm: aa71ff27fc2769a1b78a27578f13a17b -> 
  custom:container-demuxer-webm: 4f35f7cbe854078d1ac9338744f61a02 -> 
  custom:container-demuxer-ogg: 62fdf1f143b41e24485cea50d1cbac27 -> 
  custom:video-encoder-webm-vp8: eb34c28f22e8b96e1ab97ce403110664 -> 
  custom:video-codec-MediaFoundation-h265: 746d11721c4dcdbdad8f713fa42b33f4 -> 
  custom:video-decoder-webm-vp8: 9c59270c3fd7afecdb556c50c9e8de78 -> 
  custom:audio-decoder-ogg-vorbis: bf7c407c2cedff20999df2af8eb42d56 -> 
  custom:audio-encoder-webm-vorbis: bf7c407c2cedff20999df2af8eb42d56 -> 
========================================================================
Received Import Request.
  Time since last request: 19.193007 seconds.
  path: Assets/Shaders/VHSeffect.cs
  artifactKey: Guid(e78c8c769307b9c4dbe50443f3949ee2) Importer(815301076,1909f56bfc062723c751e8b465ee728b)
Start importing Assets/Shaders/VHSeffect.cs using Guid(e78c8c769307b9c4dbe50443f3949ee2) Importer(815301076,1909f56bfc062723c751e8b465ee728b)  -> (artifact id: 'e6b57e0807db410f13f37e110ca5eafc') in 0.005208 seconds 
  Import took 0.007922 seconds .

========================================================================
Received Import Request.
  Time since last request: 47.103462 seconds.
  path: Assets/Shaders/PostRenderer.cs
  artifactKey: Guid(e78c8c769307b9c4dbe50443f3949ee2) Importer(815301076,1909f56bfc062723c751e8b465ee728b)
Start importing Assets/Shaders/PostRenderer.cs using Guid(e78c8c769307b9c4dbe50443f3949ee2) Importer(815301076,1909f56bfc062723c751e8b465ee728b)  -> (artifact id: 'b682dd942765d176236777d29b779b14') in 0.006446 seconds 
  Import took 0.009624 seconds .

========================================================================
Received Prepare
Registering precompiled user dll's ...
Registered in 0.003667 seconds.
Begin MonoManager ReloadAssembly
Native extension for WindowsStandalone target not found
Refreshing native plugins compatible for Editor in 0.49 ms, found 2 plugins.
Preloading 0 native plugins for Editor in 0.00 ms.
Mono: successfully reloaded assembly
- Completed reload, in  0.738 seconds
Domain Reload Profiling:
	ReloadAssembly (739ms)
		BeginReloadAssembly (100ms)
			ExecutionOrderSort (0ms)
			DisableScriptedObjects (3ms)
			BackupInstance (0ms)
			ReleaseScriptingObjects (0ms)
			CreateAndSetChildDomain (28ms)
		EndReloadAssembly (591ms)
			LoadAssemblies (77ms)
			RebuildTransferFunctionScriptingTraits (0ms)
			SetupTypeCache (195ms)
			ReleaseScriptCaches (1ms)
			RebuildScriptCaches (28ms)
			SetupLoadedEditorAssemblies (236ms)
				LogAssemblyErrors (0ms)
				InitializePlatformSupportModulesInManaged (3ms)
				SetLoadedEditorAssemblies (0ms)
				RefreshPlugins (1ms)
				BeforeProcessingInitializeOnLoad (48ms)
				ProcessInitializeOnLoadAttributes (169ms)
				ProcessInitializeOnLoadMethodAttributes (8ms)
				AfterProcessingInitializeOnLoad (6ms)
				EditorAssembliesLoaded (0ms)
			ExecutionOrderSort2 (0ms)
			AwakeInstancesAfterBackupRestoration (5ms)
Platform modules already initialized, skipping
Refreshing native plugins compatible for Editor in 0.52 ms, found 2 plugins.
Preloading 0 native plugins for Editor in 0.00 ms.
Unloading 2034 Unused Serialized files (Serialized files now loaded: 0)
System memory in use before: 96.7 MB.
System memory in use after: 95.1 MB.

Unloading 23 unused Assets to reduce memory usage. Loaded Objects now: 2547.
Total: 3.721000 ms (FindLiveObjects: 0.180600 ms CreateObjectMapping: 0.070200 ms MarkObjects: 2.430800 ms  DeleteObjects: 1.038700 ms)

AssetImportParameters requested are different than current active one (requested -> active):
  custom:framework-win-MediaFoundation: 216162199b28c13a410421893ffa2e32 -> 
  custom:video-decoder-ogg-theora: a1e56fd34408186e4bbccfd4996cb3dc -> 
  custom:container-muxer-webm: aa71ff27fc2769a1b78a27578f13a17b -> 
  custom:container-demuxer-webm: 4f35f7cbe854078d1ac9338744f61a02 -> 
  custom:container-demuxer-ogg: 62fdf1f143b41e24485cea50d1cbac27 -> 
  custom:video-encoder-webm-vp8: eb34c28f22e8b96e1ab97ce403110664 -> 
  custom:video-codec-MediaFoundation-h265: 746d11721c4dcdbdad8f713fa42b33f4 -> 
  custom:video-decoder-webm-vp8: 9c59270c3fd7afecdb556c50c9e8de78 -> 
  custom:audio-decoder-ogg-vorbis: bf7c407c2cedff20999df2af8eb42d56 -> 
  custom:audio-encoder-webm-vorbis: bf7c407c2cedff20999df2af8eb42d56 -> 
========================================================================
Received Import Request.
  Time since last request: 205.234303 seconds.
  path: Assets/QuarterView 3D Action BE5/Textures/Moss.mat
  artifactKey: Guid(016c2fb2de5e5324c833e3abf88d9442) Importer(815301076,1909f56bfc062723c751e8b465ee728b)
Start importing Assets/QuarterView 3D Action BE5/Textures/Moss.mat using Guid(016c2fb2de5e5324c833e3abf88d9442) Importer(815301076,1909f56bfc062723c751e8b465ee728b)  -> (artifact id: '1aa6b5d66c7b0b65e349d5556e80cc94') in 0.063404 seconds 
  Import took 0.066977 seconds .

========================================================================
Received Import Request.
  Time since last request: 0.000164 seconds.
  path: Assets/QuarterView 3D Action BE5/Textures/Outline.mat
  artifactKey: Guid(08855607cb737414eb256f804fbf7251) Importer(815301076,1909f56bfc062723c751e8b465ee728b)
Start importing Assets/QuarterView 3D Action BE5/Textures/Outline.mat using Guid(08855607cb737414eb256f804fbf7251) Importer(815301076,1909f56bfc062723c751e8b465ee728b)  -> (artifact id: 'f740587e01e5b6a496992c4aea3b3afe') in 0.016542 seconds 
  Import took 0.019891 seconds .

========================================================================
Received Import Request.
  Time since last request: 0.000135 seconds.
  path: Assets/QuarterView 3D Action BE5/Textures/SnowEffect.mat
  artifactKey: Guid(6f0df9f0eb3652a4595e2fdd3040e8f1) Importer(815301076,1909f56bfc062723c751e8b465ee728b)
Start importing Assets/QuarterView 3D Action BE5/Textures/SnowEffect.mat using Guid(6f0df9f0eb3652a4595e2fdd3040e8f1) Importer(815301076,1909f56bfc062723c751e8b465ee728b)  -> (artifact id: '6437de466917677f92245692516deb0b') in 0.020436 seconds 
  Import took 0.023651 seconds .

========================================================================
Received Import Request.
  Time since last request: 0.000155 seconds.
  path: Assets/QuarterView 3D Action BE5/Textures/VHSeffect.mat
  artifactKey: Guid(626423317f1a2f443a567335ee6eadcf) Importer(815301076,1909f56bfc062723c751e8b465ee728b)
Start importing Assets/QuarterView 3D Action BE5/Textures/VHSeffect.mat using Guid(626423317f1a2f443a567335ee6eadcf) Importer(815301076,1909f56bfc062723c751e8b465ee728b)  -> (artifact id: 'b4ca853e723881f327ac423a76c619e3') in 0.017510 seconds 
  Import took 0.020670 seconds .

========================================================================
Received Import Request.
  Time since last request: 41.370118 seconds.
  path: Assets/QuarterView 3D Action BE5/Textures/ExtrudeFaces.mat
  artifactKey: Guid(65a6d76376719cf4c91aec31db101805) Importer(815301076,1909f56bfc062723c751e8b465ee728b)
Start importing Assets/QuarterView 3D Action BE5/Textures/ExtrudeFaces.mat using Guid(65a6d76376719cf4c91aec31db101805) Importer(815301076,1909f56bfc062723c751e8b465ee728b)  -> (artifact id: '57fd0ae3e9d8673e5ab8a502dab335b6') in 0.073477 seconds 
  Import took 0.076658 seconds .

========================================================================
Received Import Request.
  Time since last request: 0.000150 seconds.
  path: Assets/QuarterView 3D Action BE5/Textures/Fireball.mat
  artifactKey: Guid(241fa9011e6afde4f9f91e35ca1820aa) Importer(815301076,1909f56bfc062723c751e8b465ee728b)
Start importing Assets/QuarterView 3D Action BE5/Textures/Fireball.mat using Guid(241fa9011e6afde4f9f91e35ca1820aa) Importer(815301076,1909f56bfc062723c751e8b465ee728b)  -> (artifact id: '71a13a3c182d9fdc0f95b6441c3a2cfa') in 0.016162 seconds 
  Import took 0.019613 seconds .

========================================================================
Received Import Request.
  Time since last request: 2.953251 seconds.
  path: Assets/QuarterView 3D Action BE5/Textures/BurningPaper.mat
  artifactKey: Guid(521b608614bcc5c45a5abe385f79c0b0) Importer(815301076,1909f56bfc062723c751e8b465ee728b)
Start importing Assets/QuarterView 3D Action BE5/Textures/BurningPaper.mat using Guid(521b608614bcc5c45a5abe385f79c0b0) Importer(815301076,1909f56bfc062723c751e8b465ee728b)  -> (artifact id: 'ccbab7ee2766e9b069a5e415bbabd606') in 0.016585 seconds 
  Import took 0.019846 seconds .

========================================================================
Received Import Request.
  Time since last request: 425.057559 seconds.
  path: Assets/QuarterView 3D Action BE5/Textures/CelShading.mat
  artifactKey: Guid(b62465c4225911e45b6a30386f0ef877) Importer(815301076,1909f56bfc062723c751e8b465ee728b)
Start importing Assets/QuarterView 3D Action BE5/Textures/CelShading.mat using Guid(b62465c4225911e45b6a30386f0ef877) Importer(815301076,1909f56bfc062723c751e8b465ee728b)  -> (artifact id: '5efc9ed5d19be5ca4d58542de47c9f21') in 0.019054 seconds 
  Import took 0.023016 seconds .

========================================================================
Received Import Request.
  Time since last request: 6.961614 seconds.
  path: Assets/QuarterView 3D Action BE5/Textures/CelShader.mat
  artifactKey: Guid(b62465c4225911e45b6a30386f0ef877) Importer(815301076,1909f56bfc062723c751e8b465ee728b)
Start importing Assets/QuarterView 3D Action BE5/Textures/CelShader.mat using Guid(b62465c4225911e45b6a30386f0ef877) Importer(815301076,1909f56bfc062723c751e8b465ee728b)  -> (artifact id: '59725b7715bab0d44576a9604b372fd9') in 0.017193 seconds 
  Import took 0.020608 seconds .

========================================================================
Received Import Request.
  Time since last request: 18.072210 seconds.
  path: Assets/Shaders/CelShader.shader
  artifactKey: Guid(aa517b83ac54a2445a287b373e83b860) Importer(815301076,1909f56bfc062723c751e8b465ee728b)
Start importing Assets/Shaders/CelShader.shader using Guid(aa517b83ac54a2445a287b373e83b860) Importer(815301076,1909f56bfc062723c751e8b465ee728b)  -> (artifact id: '4ce617a2f9f75a248968edfd830d9476') in 0.004358 seconds 
  Import took 0.008065 seconds .

========================================================================
Received Import Request.
  Time since last request: 10.401465 seconds.
  path: Assets/Shaders/CelShader.shader
  artifactKey: Guid(aa517b83ac54a2445a287b373e83b860) Importer(815301076,1909f56bfc062723c751e8b465ee728b)
Start importing Assets/Shaders/CelShader.shader using Guid(aa517b83ac54a2445a287b373e83b860) Importer(815301076,1909f56bfc062723c751e8b465ee728b)  -> (artifact id: '5c8482178df493bee24964995fea9747') in 0.003016 seconds 
  Import took 0.007237 seconds .

========================================================================
Received Import Request.
  Time since last request: 32.858418 seconds.
  path: Assets/Shaders/CelShader.shader
  artifactKey: Guid(aa517b83ac54a2445a287b373e83b860) Importer(815301076,1909f56bfc062723c751e8b465ee728b)
Start importing Assets/Shaders/CelShader.shader using Guid(aa517b83ac54a2445a287b373e83b860) Importer(815301076,1909f56bfc062723c751e8b465ee728b)  -> (artifact id: 'fdf4f7b41e48183b66a8e358ad90a652') in 0.003224 seconds 
  Import took 0.006744 seconds .

========================================================================
Received Import Request.
  Time since last request: 252.502627 seconds.
  path: Assets/QuarterView 3D Action BE5/Textures/CircleOnTerrain.mat
  artifactKey: Guid(83aa2e43999aa2d4dac843d4af73c7ef) Importer(815301076,1909f56bfc062723c751e8b465ee728b)
Start importing Assets/QuarterView 3D Action BE5/Textures/CircleOnTerrain.mat using Guid(83aa2e43999aa2d4dac843d4af73c7ef) Importer(815301076,1909f56bfc062723c751e8b465ee728b)  -> (artifact id: '9020c20572ac0bc0da6e17de3af4ada0') in 0.017472 seconds 
  Import took 0.021149 seconds .

========================================================================
Received Import Request.
  Time since last request: 12.545758 seconds.
  path: Assets/Shaders/NewSurfaceShader.shader
  artifactKey: Guid(8be6fe9a57899cb43a8f42ed0c9ae3cb) Importer(815301076,1909f56bfc062723c751e8b465ee728b)
Start importing Assets/Shaders/NewSurfaceShader.shader using Guid(8be6fe9a57899cb43a8f42ed0c9ae3cb) Importer(815301076,1909f56bfc062723c751e8b465ee728b)  -> (artifact id: '2d946095b4a53b63c7178814f0f8817c') in 0.004384 seconds 
  Import took 0.008683 seconds .

========================================================================
Received Import Request.
  Time since last request: 7.807620 seconds.
  path: Assets/Shaders/CircleOnTerrain.shader
  artifactKey: Guid(8be6fe9a57899cb43a8f42ed0c9ae3cb) Importer(815301076,1909f56bfc062723c751e8b465ee728b)
Start importing Assets/Shaders/CircleOnTerrain.shader using Guid(8be6fe9a57899cb43a8f42ed0c9ae3cb) Importer(815301076,1909f56bfc062723c751e8b465ee728b)  -> (artifact id: 'd08298316ce052e461ad02b4859958a4') in 0.004322 seconds 
  Import took 0.008258 seconds .

========================================================================
Received Import Request.
  Time since last request: 8.660721 seconds.
  path: Assets/Shaders/CircleOnTerrain.shader
  artifactKey: Guid(8be6fe9a57899cb43a8f42ed0c9ae3cb) Importer(815301076,1909f56bfc062723c751e8b465ee728b)
Start importing Assets/Shaders/CircleOnTerrain.shader using Guid(8be6fe9a57899cb43a8f42ed0c9ae3cb) Importer(815301076,1909f56bfc062723c751e8b465ee728b)  -> (artifact id: 'f20e8855abe2659b6c196cf6e2c325b0') in 0.004437 seconds 
  Import took 0.007979 seconds .

========================================================================
Received Import Request.
  Time since last request: 277.546910 seconds.
  path: Assets/QuarterView 3D Action BE5/Textures/Fog.mat
  artifactKey: Guid(d431ce6e08f3ffc4e81f35313f6862fc) Importer(815301076,1909f56bfc062723c751e8b465ee728b)
Start importing Assets/QuarterView 3D Action BE5/Textures/Fog.mat using Guid(d431ce6e08f3ffc4e81f35313f6862fc) Importer(815301076,1909f56bfc062723c751e8b465ee728b)  -> (artifact id: 'feeb62c0b1cdb0bf974c206715b58c44') in 0.017579 seconds 
  Import took 0.021311 seconds .

========================================================================
Received Import Request.
  Time since last request: 13.485400 seconds.
  path: Assets/Shaders/Fog.shader
  artifactKey: Guid(fb4fb0f6f697b8a41b871e60da4c4a4a) Importer(815301076,1909f56bfc062723c751e8b465ee728b)
Start importing Assets/Shaders/Fog.shader using Guid(fb4fb0f6f697b8a41b871e60da4c4a4a) Importer(815301076,1909f56bfc062723c751e8b465ee728b)  -> (artifact id: '94a975ab307e71196935856f039d7fc8') in 0.004342 seconds 
  Import took 0.009273 seconds .

========================================================================
Received Import Request.
  Time since last request: 7.588132 seconds.
  path: Assets/Shaders/Fog.shader
  artifactKey: Guid(fb4fb0f6f697b8a41b871e60da4c4a4a) Importer(815301076,1909f56bfc062723c751e8b465ee728b)
Start importing Assets/Shaders/Fog.shader using Guid(fb4fb0f6f697b8a41b871e60da4c4a4a) Importer(815301076,1909f56bfc062723c751e8b465ee728b)  -> (artifact id: 'f822ea37187d6adbefdcd621852ea7b5') in 0.003157 seconds 
  Import took 0.006259 seconds .

AssetImportWorkerClient::OnTransportError - code=2 error=End of file
